Using pre-set license
Built from '2020.3/staging' branch; Version is '2020.3.10f1 (297d780c91bc) revision 2719096'; Using compiler version '192528614'; Build Type 'Release'
OS: 'Windows 10 Home; OS build 19042.1348; Version 2009; 64bit' Language: 'ko' Physical Memory: 24250 MB
BatchMode: 1, IsHumanControllingUs: 0, StartBugReporterOnCrash: 0, Is64bit: 1, IsPro: 0

 COMMAND LINE ARGUMENTS:
C:\Program Files\Unity\Hub\Editor\2020.3.10f1\Editor\Unity.exe
-adb2
-batchMode
-noUpm
-name
AssetImportWorker0
-projectPath
C:/Users/xoqls/OneDrive/바탕 화면/J-pie/유니티/forgithub/VRescape/VRescape
-logFile
Logs/AssetImportWorker0.log
-srvPort
61713
Successfully changed project path to: C:/Users/xoqls/OneDrive/바탕 화면/J-pie/유니티/forgithub/VRescape/VRescape
C:/Users/xoqls/OneDrive/바탕 화면/J-pie/유니티/forgithub/VRescape/VRescape
Using Asset Import Pipeline V2.
Refreshing native plugins compatible for Editor in 54.54 ms, found 13 plugins.
Preloading 1 native plugins for Editor in 1.18 ms.
Initialize engine version: 2020.3.10f1 (297d780c91bc)
[Subsystems] Discovering subsystems at path C:/Program Files/Unity/Hub/Editor/2020.3.10f1/Editor/Data/Resources/UnitySubsystems
[Subsystems] Discovering subsystems at path C:/Users/xoqls/OneDrive/바탕 화면/J-pie/유니티/forgithub/VRescape/VRescape/Assets
GfxDevice: creating device client; threaded=0
Direct3D:
    Version:  Direct3D 11.0 [level 11.1]
    Renderer: Intel(R) Iris(R) Xe Graphics (ID=0x9a49)
    Vendor:   
    VRAM:     12125 MB
    Driver:   27.20.100.9415
Initialize mono
Mono path[0] = 'C:/Program Files/Unity/Hub/Editor/2020.3.10f1/Editor/Data/Managed'
Mono path[1] = 'C:/Program Files/Unity/Hub/Editor/2020.3.10f1/Editor/Data/MonoBleedingEdge/lib/mono/unityjit'
Mono config path = 'C:/Program Files/Unity/Hub/Editor/2020.3.10f1/Editor/Data/MonoBleedingEdge/etc'
Using monoOptions --debugger-agent=transport=dt_socket,embedding=1,server=y,suspend=n,address=127.0.0.1:56232
Begin MonoManager ReloadAssembly
Registering precompiled unity dll's ...
Register platform support module: C:/Program Files/Unity/Hub/Editor/2020.3.10f1/Editor/Data/PlaybackEngines/WindowsStandaloneSupport/UnityEditor.WindowsStandalone.Extensions.dll
Registered in 0.001494 seconds.
Native extension for WindowsStandalone target not found
Refreshing native plugins compatible for Editor in 45.92 ms, found 13 plugins.
Preloading 1 native plugins for Editor in 0.10 ms.
Mono: successfully reloaded assembly
- Completed reload, in  1.319 seconds
Platform modules already initialized, skipping
Registering precompiled user dll's ...
Registered in 0.011664 seconds.
Begin MonoManager ReloadAssembly
Native extension for WindowsStandalone target not found
Refreshing native plugins compatible for Editor in 52.52 ms, found 13 plugins.
Preloading 1 native plugins for Editor in 0.13 ms.
[Build Check] RegisterBuildPlayerHandler,Already Do not show: False
UnityEngine.StackTraceUtility:ExtractStackTrace ()
UnityEngine.DebugLogHandler:LogFormat (UnityEngine.LogType,UnityEngine.Object,string,object[])
UnityEngine.Logger:Log (UnityEngine.LogType,object)
UnityEngine.Debug:Log (object)
Pvr_UnitySDKBuildCheck:.cctor () (at Assets/PicoMobileSDK/Pvr_UnitySDK/Editor/Pvr_UnitySDKBuildCheck.cs:29)
System.Runtime.CompilerServices.RuntimeHelpers:RunClassConstructor (System.RuntimeTypeHandle)
UnityEditor.EditorAssemblies:ProcessInitializeOnLoadAttributes (System.Type[])

(Filename: Assets/PicoMobileSDK/Pvr_UnitySDK/Editor/Pvr_UnitySDKBuildCheck.cs Line: 29)

Mono: successfully reloaded assembly
- Completed reload, in  1.321 seconds
Platform modules already initialized, skipping
========================================================================
Worker process is ready to serve import requests
Launched and connected shader compiler UnityShaderCompiler.exe after 0.05 seconds
Refreshing native plugins compatible for Editor in 1.28 ms, found 13 plugins.
Preloading 1 native plugins for Editor in 0.17 ms.
Unloading 2181 Unused Serialized files (Serialized files now loaded: 0)
System memory in use before: 99.6 MB.
System memory in use after: 99.5 MB.

Unloading 47 unused Assets to reduce memory usage. Loaded Objects now: 2601.
Total: 4.051200 ms (FindLiveObjects: 0.291400 ms CreateObjectMapping: 0.093600 ms MarkObjects: 3.532300 ms  DeleteObjects: 0.131900 ms)

========================================================================
Received Import Request.
  path: Assets/Clear.cs
  artifactKey: Guid(dc5e9a7d9db7e0048986267d9ad308b9) Importer(815301076,1909f56bfc062723c751e8b465ee728b)
Start importing Assets/Clear.cs using Guid(dc5e9a7d9db7e0048986267d9ad308b9) Importer(815301076,1909f56bfc062723c751e8b465ee728b)  -> (artifact id: 'cc38bbb16b6a324fd97d0e2eeb00e9d3') in 0.067909 seconds
  Import took 0.076310 seconds .

========================================================================
Received Prepare
Registering precompiled user dll's ...
Registered in 0.024591 seconds.
Begin MonoManager ReloadAssembly
Native extension for WindowsStandalone target not found
Refreshing native plugins compatible for Editor in 1.16 ms, found 13 plugins.
Preloading 1 native plugins for Editor in 0.16 ms.
[Build Check] RegisterBuildPlayerHandler,Already Do not show: False
UnityEngine.StackTraceUtility:ExtractStackTrace ()
UnityEngine.DebugLogHandler:LogFormat (UnityEngine.LogType,UnityEngine.Object,string,object[])
UnityEngine.Logger:Log (UnityEngine.LogType,object)
UnityEngine.Debug:Log (object)
Pvr_UnitySDKBuildCheck:.cctor () (at Assets/PicoMobileSDK/Pvr_UnitySDK/Editor/Pvr_UnitySDKBuildCheck.cs:29)
System.Runtime.CompilerServices.RuntimeHelpers:RunClassConstructor (System.RuntimeTypeHandle)
UnityEditor.EditorAssemblies:ProcessInitializeOnLoadAttributes (System.Type[])

(Filename: Assets/PicoMobileSDK/Pvr_UnitySDK/Editor/Pvr_UnitySDKBuildCheck.cs Line: 29)

Mono: successfully reloaded assembly
- Completed reload, in  1.000 seconds
Platform modules already initialized, skipping
Switching build target platform(19) subTarget(0) extendedPlatform(0) -> platform(13) subTarget(537395200) extendedPlatform(0)
Refreshing native plugins compatible for Editor in 0.69 ms, found 13 plugins.
Preloading 1 native plugins for Editor in 0.10 ms.
Unloading 2131 Unused Serialized files (Serialized files now loaded: 0)
System memory in use before: 95.8 MB.
System memory in use after: 95.9 MB.

Unloading 40 unused Assets to reduce memory usage. Loaded Objects now: 2605.
Total: 2.062700 ms (FindLiveObjects: 0.138400 ms CreateObjectMapping: 0.043900 ms MarkObjects: 1.809600 ms  DeleteObjects: 0.069900 ms)

AssetImportParameters requested are different than current active one (requested -> active):
  custom:graphics/normal-map-encoding: 01000000000000000000000000000000 -> 02000000000000000000000000000000
========================================================================
Received Prepare
Registering precompiled user dll's ...
Registered in 0.013463 seconds.
Begin MonoManager ReloadAssembly
Native extension for WindowsStandalone target not found
Refreshing native plugins compatible for Editor in 0.71 ms, found 13 plugins.
Preloading 1 native plugins for Editor in 0.11 ms.
[Build Check] RegisterBuildPlayerHandler,Already Do not show: False
UnityEngine.StackTraceUtility:ExtractStackTrace ()
UnityEngine.DebugLogHandler:LogFormat (UnityEngine.LogType,UnityEngine.Object,string,object[])
UnityEngine.Logger:Log (UnityEngine.LogType,object)
UnityEngine.Debug:Log (object)
Pvr_UnitySDKBuildCheck:.cctor () (at Assets/PicoMobileSDK/Pvr_UnitySDK/Editor/Pvr_UnitySDKBuildCheck.cs:29)
System.Runtime.CompilerServices.RuntimeHelpers:RunClassConstructor (System.RuntimeTypeHandle)
UnityEditor.EditorAssemblies:ProcessInitializeOnLoadAttributes (System.Type[])

(Filename: Assets/PicoMobileSDK/Pvr_UnitySDK/Editor/Pvr_UnitySDKBuildCheck.cs Line: 29)

Mono: successfully reloaded assembly
- Completed reload, in  0.963 seconds
Platform modules already initialized, skipping
Switching build target platform(19) subTarget(0) extendedPlatform(0) -> platform(13) subTarget(537395200) extendedPlatform(0)
Refreshing native plugins compatible for Editor in 0.74 ms, found 13 plugins.
Preloading 1 native plugins for Editor in 0.10 ms.
Unloading 2131 Unused Serialized files (Serialized files now loaded: 0)
System memory in use before: 95.9 MB.
System memory in use after: 96.0 MB.

Unloading 40 unused Assets to reduce memory usage. Loaded Objects now: 2609.
Total: 2.343100 ms (FindLiveObjects: 0.139400 ms CreateObjectMapping: 0.060300 ms MarkObjects: 2.059400 ms  DeleteObjects: 0.081400 ms)

AssetImportParameters requested are different than current active one (requested -> active):
  custom:graphics/normal-map-encoding: 01000000000000000000000000000000 -> 02000000000000000000000000000000
========================================================================
Received Import Request.
  Time since last request: 304.204183 seconds.
  path: Assets/Clear.cs
  artifactKey: Guid(dc5e9a7d9db7e0048986267d9ad308b9) Importer(815301076,1909f56bfc062723c751e8b465ee728b)
Start importing Assets/Clear.cs using Guid(dc5e9a7d9db7e0048986267d9ad308b9) Importer(815301076,1909f56bfc062723c751e8b465ee728b)  -> (artifact id: '49353b9a92d337d30cc9479d7feb8633') in 0.005278 seconds
  Import took 0.008774 seconds .

========================================================================
Received Import Request.
  Time since last request: 186.217804 seconds.
  path: Assets/RayInteraction.cs
  artifactKey: Guid(e4ab107190736cd4885d9c5809c6fe28) Importer(815301076,1909f56bfc062723c751e8b465ee728b)
Start importing Assets/RayInteraction.cs using Guid(e4ab107190736cd4885d9c5809c6fe28) Importer(815301076,1909f56bfc062723c751e8b465ee728b)  -> (artifact id: 'dbb82549d7aae64b7e7beaa6e32aec57') in 0.007423 seconds
  Import took 0.011244 seconds .

========================================================================
Received Import Request.
  Time since last request: 0.001381 seconds.
  path: Assets/RayInteraction.cs
  artifactKey: Guid(e4ab107190736cd4885d9c5809c6fe28) Importer(815301076,1909f56bfc062723c751e8b465ee728b)
Start importing Assets/RayInteraction.cs using Guid(e4ab107190736cd4885d9c5809c6fe28) Importer(815301076,1909f56bfc062723c751e8b465ee728b)  -> (artifact id: 'dbb82549d7aae64b7e7beaa6e32aec57') in 0.003588 seconds
  Import took 0.006969 seconds .

========================================================================
Received Prepare
Registering precompiled user dll's ...
Registered in 0.010299 seconds.
Begin MonoManager ReloadAssembly
Native extension for WindowsStandalone target not found
Refreshing native plugins compatible for Editor in 0.75 ms, found 13 plugins.
Preloading 1 native plugins for Editor in 0.15 ms.
[Build Check] RegisterBuildPlayerHandler,Already Do not show: False
UnityEngine.StackTraceUtility:ExtractStackTrace ()
UnityEngine.DebugLogHandler:LogFormat (UnityEngine.LogType,UnityEngine.Object,string,object[])
UnityEngine.Logger:Log (UnityEngine.LogType,object)
UnityEngine.Debug:Log (object)
Pvr_UnitySDKBuildCheck:.cctor () (at Assets/PicoMobileSDK/Pvr_UnitySDK/Editor/Pvr_UnitySDKBuildCheck.cs:29)
System.Runtime.CompilerServices.RuntimeHelpers:RunClassConstructor (System.RuntimeTypeHandle)
UnityEditor.EditorAssemblies:ProcessInitializeOnLoadAttributes (System.Type[])

(Filename: Assets/PicoMobileSDK/Pvr_UnitySDK/Editor/Pvr_UnitySDKBuildCheck.cs Line: 29)

Mono: successfully reloaded assembly
- Completed reload, in  0.970 seconds
Platform modules already initialized, skipping
Switching build target platform(19) subTarget(0) extendedPlatform(0) -> platform(13) subTarget(537395200) extendedPlatform(0)
Refreshing native plugins compatible for Editor in 0.65 ms, found 13 plugins.
Preloading 1 native plugins for Editor in 0.09 ms.
Unloading 2131 Unused Serialized files (Serialized files now loaded: 0)
System memory in use before: 95.9 MB.
System memory in use after: 96.0 MB.

Unloading 40 unused Assets to reduce memory usage. Loaded Objects now: 2613.
Total: 2.660300 ms (FindLiveObjects: 0.134900 ms CreateObjectMapping: 0.044200 ms MarkObjects: 2.406500 ms  DeleteObjects: 0.073800 ms)

AssetImportParameters requested are different than current active one (requested -> active):
  custom:graphics/normal-map-encoding: 01000000000000000000000000000000 -> 02000000000000000000000000000000
========================================================================
Received Prepare
Registering precompiled user dll's ...
Registered in 0.025090 seconds.
Begin MonoManager ReloadAssembly
Native extension for WindowsStandalone target not found
Refreshing native plugins compatible for Editor in 1.02 ms, found 13 plugins.
Preloading 1 native plugins for Editor in 0.16 ms.
[Build Check] RegisterBuildPlayerHandler,Already Do not show: False
UnityEngine.StackTraceUtility:ExtractStackTrace ()
UnityEngine.DebugLogHandler:LogFormat (UnityEngine.LogType,UnityEngine.Object,string,object[])
UnityEngine.Logger:Log (UnityEngine.LogType,object)
UnityEngine.Debug:Log (object)
Pvr_UnitySDKBuildCheck:.cctor () (at Assets/PicoMobileSDK/Pvr_UnitySDK/Editor/Pvr_UnitySDKBuildCheck.cs:29)
System.Runtime.CompilerServices.RuntimeHelpers:RunClassConstructor (System.RuntimeTypeHandle)
UnityEditor.EditorAssemblies:ProcessInitializeOnLoadAttributes (System.Type[])

(Filename: Assets/PicoMobileSDK/Pvr_UnitySDK/Editor/Pvr_UnitySDKBuildCheck.cs Line: 29)

Mono: successfully reloaded assembly
- Completed reload, in  1.785 seconds
Platform modules already initialized, skipping
Switching build target platform(19) subTarget(0) extendedPlatform(0) -> platform(13) subTarget(537395200) extendedPlatform(0)
Refreshing native plugins compatible for Editor in 1.92 ms, found 13 plugins.
Preloading 1 native plugins for Editor in 0.32 ms.
Unloading 2131 Unused Serialized files (Serialized files now loaded: 0)
System memory in use before: 95.9 MB.
System memory in use after: 96.0 MB.

Unloading 40 unused Assets to reduce memory usage. Loaded Objects now: 2617.
Total: 2.287100 ms (FindLiveObjects: 0.203800 ms CreateObjectMapping: 0.047200 ms MarkObjects: 1.974000 ms  DeleteObjects: 0.060800 ms)

AssetImportParameters requested are different than current active one (requested -> active):
  custom:graphics/normal-map-encoding: 01000000000000000000000000000000 -> 02000000000000000000000000000000
========================================================================
Received Prepare
Registering precompiled user dll's ...
Registered in 0.061174 seconds.
Begin MonoManager ReloadAssembly
Native extension for WindowsStandalone target not found
Refreshing native plugins compatible for Editor in 0.83 ms, found 13 plugins.
Preloading 1 native plugins for Editor in 0.15 ms.
[Build Check] RegisterBuildPlayerHandler,Already Do not show: False
UnityEngine.StackTraceUtility:ExtractStackTrace ()
UnityEngine.DebugLogHandler:LogFormat (UnityEngine.LogType,UnityEngine.Object,string,object[])
UnityEngine.Logger:Log (UnityEngine.LogType,object)
UnityEngine.Debug:Log (object)
Pvr_UnitySDKBuildCheck:.cctor () (at Assets/PicoMobileSDK/Pvr_UnitySDK/Editor/Pvr_UnitySDKBuildCheck.cs:29)
System.Runtime.CompilerServices.RuntimeHelpers:RunClassConstructor (System.RuntimeTypeHandle)
UnityEditor.EditorAssemblies:ProcessInitializeOnLoadAttributes (System.Type[])

(Filename: Assets/PicoMobileSDK/Pvr_UnitySDK/Editor/Pvr_UnitySDKBuildCheck.cs Line: 29)

Mono: successfully reloaded assembly
- Completed reload, in  1.534 seconds
Platform modules already initialized, skipping
Switching build target platform(19) subTarget(0) extendedPlatform(0) -> platform(13) subTarget(537395200) extendedPlatform(0)
Refreshing native plugins compatible for Editor in 0.75 ms, found 13 plugins.
Preloading 1 native plugins for Editor in 0.11 ms.
Unloading 2131 Unused Serialized files (Serialized files now loaded: 0)
System memory in use before: 95.9 MB.
System memory in use after: 96.0 MB.

Unloading 40 unused Assets to reduce memory usage. Loaded Objects now: 2621.
Total: 2.114200 ms (FindLiveObjects: 0.151700 ms CreateObjectMapping: 0.046200 ms MarkObjects: 1.851700 ms  DeleteObjects: 0.063600 ms)

AssetImportParameters requested are different than current active one (requested -> active):
  custom:graphics/normal-map-encoding: 01000000000000000000000000000000 -> 02000000000000000000000000000000
========================================================================
Received Prepare
Registering precompiled user dll's ...
Registered in 0.023706 seconds.
Begin MonoManager ReloadAssembly
Native extension for WindowsStandalone target not found
Refreshing native plugins compatible for Editor in 2.60 ms, found 13 plugins.
Preloading 1 native plugins for Editor in 0.52 ms.
[Build Check] RegisterBuildPlayerHandler,Already Do not show: False
UnityEngine.StackTraceUtility:ExtractStackTrace ()
UnityEngine.DebugLogHandler:LogFormat (UnityEngine.LogType,UnityEngine.Object,string,object[])
UnityEngine.Logger:Log (UnityEngine.LogType,object)
UnityEngine.Debug:Log (object)
Pvr_UnitySDKBuildCheck:.cctor () (at Assets/PicoMobileSDK/Pvr_UnitySDK/Editor/Pvr_UnitySDKBuildCheck.cs:29)
System.Runtime.CompilerServices.RuntimeHelpers:RunClassConstructor (System.RuntimeTypeHandle)
UnityEditor.EditorAssemblies:ProcessInitializeOnLoadAttributes (System.Type[])

(Filename: Assets/PicoMobileSDK/Pvr_UnitySDK/Editor/Pvr_UnitySDKBuildCheck.cs Line: 29)

Mono: successfully reloaded assembly
- Completed reload, in  2.020 seconds
Platform modules already initialized, skipping
Switching build target platform(19) subTarget(0) extendedPlatform(0) -> platform(13) subTarget(537395200) extendedPlatform(0)
Refreshing native plugins compatible for Editor in 0.84 ms, found 13 plugins.
Preloading 1 native plugins for Editor in 0.47 ms.
Unloading 2131 Unused Serialized files (Serialized files now loaded: 0)
System memory in use before: 95.9 MB.
System memory in use after: 96.0 MB.

Unloading 40 unused Assets to reduce memory usage. Loaded Objects now: 2625.
Total: 6.337900 ms (FindLiveObjects: 1.087400 ms CreateObjectMapping: 0.760100 ms MarkObjects: 4.253500 ms  DeleteObjects: 0.232400 ms)

AssetImportParameters requested are different than current active one (requested -> active):
  custom:graphics/normal-map-encoding: 01000000000000000000000000000000 -> 02000000000000000000000000000000
========================================================================
Received Prepare
Registering precompiled user dll's ...
Registered in 0.007890 seconds.
Begin MonoManager ReloadAssembly
Native extension for WindowsStandalone target not found
Refreshing native plugins compatible for Editor in 0.76 ms, found 13 plugins.
Preloading 1 native plugins for Editor in 0.09 ms.
[Build Check] RegisterBuildPlayerHandler,Already Do not show: False
UnityEngine.StackTraceUtility:ExtractStackTrace ()
UnityEngine.DebugLogHandler:LogFormat (UnityEngine.LogType,UnityEngine.Object,string,object[])
UnityEngine.Logger:Log (UnityEngine.LogType,object)
UnityEngine.Debug:Log (object)
Pvr_UnitySDKBuildCheck:.cctor () (at Assets/PicoMobileSDK/Pvr_UnitySDK/Editor/Pvr_UnitySDKBuildCheck.cs:29)
System.Runtime.CompilerServices.RuntimeHelpers:RunClassConstructor (System.RuntimeTypeHandle)
UnityEditor.EditorAssemblies:ProcessInitializeOnLoadAttributes (System.Type[])

(Filename: Assets/PicoMobileSDK/Pvr_UnitySDK/Editor/Pvr_UnitySDKBuildCheck.cs Line: 29)

Mono: successfully reloaded assembly
- Completed reload, in  1.002 seconds
Platform modules already initialized, skipping
Switching build target platform(19) subTarget(0) extendedPlatform(0) -> platform(13) subTarget(537395200) extendedPlatform(0)
Refreshing native plugins compatible for Editor in 0.69 ms, found 13 plugins.
Preloading 1 native plugins for Editor in 0.08 ms.
Unloading 2131 Unused Serialized files (Serialized files now loaded: 0)
System memory in use before: 96.0 MB.
System memory in use after: 96.0 MB.

Unloading 40 unused Assets to reduce memory usage. Loaded Objects now: 2629.
Total: 2.141600 ms (FindLiveObjects: 0.139900 ms CreateObjectMapping: 0.041300 ms MarkObjects: 1.894200 ms  DeleteObjects: 0.064900 ms)

AssetImportParameters requested are different than current active one (requested -> active):
  custom:graphics/normal-map-encoding: 01000000000000000000000000000000 -> 02000000000000000000000000000000
